app/build/intermediates/manifest_merge_blame_file/release/manifest-merger-blame-release-report.txt
1<?xml version="1.0" encoding="utf-8"?>
2<manifest xmlns:android="http://schemas.android.com/apk/res/android"
3    package="com.mahmoudrefaie.sekkawahda"
4    android:versionCode="1"
5    android:versionName="1.0" >
6
7    <uses-sdk
8        android:minSdkVersion="16"
9        android:targetSdkVersion="34" />
10
11    <uses-permission android:name="android.permission.INTERNET" />
11-->src/main/AndroidManifest.xml:6:5-67
11-->src/main/AndroidManifest.xml:6:22-64
12    <uses-permission android:name="android.permission.READ_EXTERNAL_STORAGE" />
12-->src/main/AndroidManifest.xml:7:5-80
12-->src/main/AndroidManifest.xml:7:22-77
13    <uses-permission android:name="android.permission.WRITE_EXTERNAL_STORAGE" />
13-->src/main/AndroidManifest.xml:8:5-81
13-->src/main/AndroidManifest.xml:8:22-78
14    <uses-permission android:name="android.permission.READ_INTERNAL_STORAGE" />
14-->src/main/AndroidManifest.xml:9:5-80
14-->src/main/AndroidManifest.xml:9:22-77
15    <uses-permission android:name="android.permission.WRITE_INTERNAL_STORAGE" />
15-->src/main/AndroidManifest.xml:10:5-81
15-->src/main/AndroidManifest.xml:10:22-78
16    <uses-permission android:name="com.huawei.android.launcher.permission.WRITE_SETTINGS" />
16-->src/main/AndroidManifest.xml:11:5-93
16-->src/main/AndroidManifest.xml:11:22-90
17    <uses-permission android:name="android.permission.ACCESS_NETWORK_STATE" /> <!-- Used to check if a browser is available before launching phone auth -->
17-->[com.firebaseui:firebase-ui-auth:8.0.2] AndroidManifest.xml:10:5-79
17-->[com.firebaseui:firebase-ui-auth:8.0.2] AndroidManifest.xml:10:22-76
18    <!-- See ui/phone/PhoneNumberVerificationHandler.isBrowserAvailable() -->
19    <queries>
19-->[com.firebaseui:firebase-ui-auth:8.0.2] AndroidManifest.xml:15:5-23:15
20        <intent>
20-->[com.firebaseui:firebase-ui-auth:8.0.2] AndroidManifest.xml:16:9-22:18
21            <action android:name="android.intent.action.VIEW" />
21-->[com.facebook.android:facebook-common:5.15.3] AndroidManifest.xml:40:17-69
21-->[com.facebook.android:facebook-common:5.15.3] AndroidManifest.xml:40:25-66
22
23            <category android:name="android.intent.category.BROWSABLE" />
23-->[com.facebook.android:facebook-common:5.15.3] AndroidManifest.xml:43:17-78
23-->[com.facebook.android:facebook-common:5.15.3] AndroidManifest.xml:43:27-75
24
25            <data android:scheme="http" />
25-->[com.facebook.android:facebook-common:5.15.3] AndroidManifest.xml:45:17-47:50
25-->[com.facebook.android:facebook-common:5.15.3] AndroidManifest.xml:47:21-47
26        </intent>
27    </queries>
28
29    <uses-permission android:name="com.google.android.finsky.permission.BIND_GET_INSTALL_REFERRER_SERVICE" />
29-->[com.android.installreferrer:installreferrer:1.0] AndroidManifest.xml:9:5-110
29-->[com.android.installreferrer:installreferrer:1.0] AndroidManifest.xml:9:22-107
30
31    <application
31-->src/main/AndroidManifest.xml:13:5-66:19
32        android:name="androidx.multidex.MultiDexApplication"
33        android:allowBackup="true"
33-->src/main/AndroidManifest.xml:14:9-35
34        android:appComponentFactory="androidx.core.app.CoreComponentFactory"
34-->[androidx.core:core:1.5.0] AndroidManifest.xml:24:18-86
35        android:extractNativeLibs="true"
36        android:icon="@drawable/sw_logo"
36-->src/main/AndroidManifest.xml:15:9-41
37        android:label="@string/app_name"
37-->src/main/AndroidManifest.xml:16:9-41
38        android:roundIcon="@drawable/sw_logo"
38-->src/main/AndroidManifest.xml:17:9-46
39        android:supportsRtl="true"
39-->src/main/AndroidManifest.xml:18:9-35
40        android:theme="@style/AppTheme"
40-->src/main/AndroidManifest.xml:19:9-40
41        android:usesCleartextTraffic="true" >
41-->src/main/AndroidManifest.xml:20:9-44
42        <activity android:name="com.mahmoudrefaie.sekkawahda.ui.MainPage.NavigationFragments.More.MyTrips" />
42-->src/main/AndroidManifest.xml:21:9-91
42-->src/main/AndroidManifest.xml:21:19-79
43        <activity android:name="com.mahmoudrefaie.sekkawahda.ui.MainPage.Search" />
43-->src/main/AndroidManifest.xml:22:9-56
43-->src/main/AndroidManifest.xml:22:19-53
44        <activity android:name="com.mahmoudrefaie.sekkawahda.ui.Profile.OtherProfiles.NotReservedUserProfile" />
44-->src/main/AndroidManifest.xml:23:9-85
44-->src/main/AndroidManifest.xml:23:19-82
45        <activity android:name="com.mahmoudrefaie.sekkawahda.ui.Profile.OtherProfiles.ReservedUserProfile" />
45-->src/main/AndroidManifest.xml:24:9-82
45-->src/main/AndroidManifest.xml:24:19-79
46        <activity android:name="com.mahmoudrefaie.sekkawahda.ui.Profile.MyProfile.EditMyProfile" />
46-->src/main/AndroidManifest.xml:25:9-72
46-->src/main/AndroidManifest.xml:25:19-69
47        <activity android:name="com.mahmoudrefaie.sekkawahda.ui.Profile.MyProfile.MyProfile" />
47-->src/main/AndroidManifest.xml:26:9-68
47-->src/main/AndroidManifest.xml:26:19-65
48        <activity android:name="com.mahmoudrefaie.sekkawahda.ui.MainPage.MainPage" />
48-->src/main/AndroidManifest.xml:27:9-58
48-->src/main/AndroidManifest.xml:27:19-55
49        <activity android:name="com.mahmoudrefaie.sekkawahda.ui.Forgetpassword" />
49-->src/main/AndroidManifest.xml:28:9-55
49-->src/main/AndroidManifest.xml:28:19-52
50        <activity android:name="com.mahmoudrefaie.sekkawahda.ui.Registeration.Registeration" />
50-->src/main/AndroidManifest.xml:29:9-68
50-->src/main/AndroidManifest.xml:29:19-65
51        <activity android:name="com.mahmoudrefaie.sekkawahda.ui.Cancelation" />
51-->src/main/AndroidManifest.xml:30:9-52
51-->src/main/AndroidManifest.xml:30:19-49
52        <activity android:name="com.mahmoudrefaie.sekkawahda.ui.Reservation" />
52-->src/main/AndroidManifest.xml:31:9-52
52-->src/main/AndroidManifest.xml:31:19-49
53        <activity android:name="com.mahmoudrefaie.sekkawahda.ui.Login.Login" />
53-->src/main/AndroidManifest.xml:32:9-52
53-->src/main/AndroidManifest.xml:32:19-49
54        <activity
54-->src/main/AndroidManifest.xml:33:9-41:20
55            android:name="com.mahmoudrefaie.sekkawahda.ui.SplashScreen"
55-->src/main/AndroidManifest.xml:34:13-44
56            android:exported="true" >
56-->src/main/AndroidManifest.xml:35:13-36
57            <intent-filter>
57-->src/main/AndroidManifest.xml:36:13-40:29
58                <action android:name="android.intent.action.MAIN" />
58-->src/main/AndroidManifest.xml:37:17-69
58-->src/main/AndroidManifest.xml:37:25-66
59
60                <category android:name="android.intent.category.LAUNCHER" />
60-->src/main/AndroidManifest.xml:39:17-77
60-->src/main/AndroidManifest.xml:39:27-74
61            </intent-filter>
62        </activity>
63
64        <!--
65        <meta-data
66            android:name="com.facebook.sdk.ApplicationId"
67            android:value="@string/facebook_app_id"
68            tools:replace="android:value" />
69
70        <activity
71            android:name="com.facebook.FacebookActivity"
72            android:configChanges="keyboard|keyboardHidden|screenLayout|screenSize|orientation"
73            android:label="@string/app_name" />
74        <activity
75            android:name="com.facebook.CustomTabActivity"
76            android:exported="true">
77            <intent-filter>
78                <action android:name="android.intent.action.VIEW" />
79
80                <category android:name="android.intent.category.DEFAULT" />
81                <category android:name="android.intent.category.BROWSABLE" />
82
83                <data android:scheme="@string/fb_login_protocol_scheme" />
84            </intent-filter>
85        </activity>
86        -->
87        <activity
87-->[com.facebook.android:facebook-common:5.15.3] AndroidManifest.xml:30:9-33:66
88            android:name="com.facebook.FacebookActivity"
88-->[com.facebook.android:facebook-common:5.15.3] AndroidManifest.xml:31:13-57
89            android:configChanges="keyboard|keyboardHidden|screenLayout|screenSize|orientation"
89-->[com.facebook.android:facebook-common:5.15.3] AndroidManifest.xml:32:13-96
90            android:label="@string/app_name"
90-->[com.firebaseui:firebase-ui-auth:8.0.2] AndroidManifest.xml:96:13-45
91            android:theme="@style/com_facebook_activity_theme" />
91-->[com.facebook.android:facebook-common:5.15.3] AndroidManifest.xml:33:13-63
92        <activity android:name="com.facebook.CustomTabMainActivity" />
92-->[com.facebook.android:facebook-common:5.15.3] AndroidManifest.xml:34:9-71
92-->[com.facebook.android:facebook-common:5.15.3] AndroidManifest.xml:34:19-68
93        <activity
93-->[com.facebook.android:facebook-common:5.15.3] AndroidManifest.xml:35:9-49:20
94            android:name="com.facebook.CustomTabActivity"
94-->[com.facebook.android:facebook-common:5.15.3] AndroidManifest.xml:36:13-58
95            android:exported="true" >
95-->[com.facebook.android:facebook-common:5.15.3] AndroidManifest.xml:37:13-36
96            <intent-filter>
96-->[com.facebook.android:facebook-common:5.15.3] AndroidManifest.xml:39:13-48:29
97                <action android:name="android.intent.action.VIEW" />
97-->[com.facebook.android:facebook-common:5.15.3] AndroidManifest.xml:40:17-69
97-->[com.facebook.android:facebook-common:5.15.3] AndroidManifest.xml:40:25-66
98
99                <category android:name="android.intent.category.DEFAULT" />
99-->[com.facebook.android:facebook-common:5.15.3] AndroidManifest.xml:42:17-76
99-->[com.facebook.android:facebook-common:5.15.3] AndroidManifest.xml:42:27-73
100                <category android:name="android.intent.category.BROWSABLE" />
100-->[com.facebook.android:facebook-common:5.15.3] AndroidManifest.xml:43:17-78
100-->[com.facebook.android:facebook-common:5.15.3] AndroidManifest.xml:43:27-75
101
102                <data
102-->[com.facebook.android:facebook-common:5.15.3] AndroidManifest.xml:45:17-47:50
103                    android:host="cct.com.mahmoudrefaie.sekkawahda"
103-->[com.facebook.android:facebook-common:5.15.3] AndroidManifest.xml:46:21-56
104                    android:scheme="fbconnect" />
104-->[com.facebook.android:facebook-common:5.15.3] AndroidManifest.xml:47:21-47
105            </intent-filter>
106            <intent-filter>
106-->[com.firebaseui:firebase-ui-auth:8.0.2] AndroidManifest.xml:102:13-109:29
107                <action android:name="android.intent.action.VIEW" />
107-->[com.facebook.android:facebook-common:5.15.3] AndroidManifest.xml:40:17-69
107-->[com.facebook.android:facebook-common:5.15.3] AndroidManifest.xml:40:25-66
108
109                <category android:name="android.intent.category.DEFAULT" />
109-->[com.facebook.android:facebook-common:5.15.3] AndroidManifest.xml:42:17-76
109-->[com.facebook.android:facebook-common:5.15.3] AndroidManifest.xml:42:27-73
110                <category android:name="android.intent.category.BROWSABLE" />
110-->[com.facebook.android:facebook-common:5.15.3] AndroidManifest.xml:43:17-78
110-->[com.facebook.android:facebook-common:5.15.3] AndroidManifest.xml:43:27-75
111
112                <data android:scheme="@string/facebook_login_protocol_scheme" />
112-->[com.facebook.android:facebook-common:5.15.3] AndroidManifest.xml:45:17-47:50
112-->[com.facebook.android:facebook-common:5.15.3] AndroidManifest.xml:47:21-47
113            </intent-filter>
114        </activity>
115
116        <meta-data
116-->[com.firebaseui:firebase-ui-auth:8.0.2] AndroidManifest.xml:26:9-28:69
117            android:name="com.google.android.gms.version"
117-->[com.firebaseui:firebase-ui-auth:8.0.2] AndroidManifest.xml:27:13-58
118            android:value="@integer/google_play_services_version" />
118-->[com.firebaseui:firebase-ui-auth:8.0.2] AndroidManifest.xml:28:13-66
119        <meta-data
119-->[com.firebaseui:firebase-ui-auth:8.0.2] AndroidManifest.xml:29:9-31:63
120            android:name="com.facebook.sdk.ApplicationId"
120-->[com.firebaseui:firebase-ui-auth:8.0.2] AndroidManifest.xml:30:13-58
121            android:value="@string/facebook_application_id" />
121-->[com.firebaseui:firebase-ui-auth:8.0.2] AndroidManifest.xml:31:13-60
122
123        <activity
123-->[com.firebaseui:firebase-ui-auth:8.0.2] AndroidManifest.xml:33:9-37:61
124            android:name="com.firebase.ui.auth.KickoffActivity"
124-->[com.firebaseui:firebase-ui-auth:8.0.2] AndroidManifest.xml:34:13-64
125            android:exported="false"
125-->[com.firebaseui:firebase-ui-auth:8.0.2] AndroidManifest.xml:35:13-37
126            android:label=""
126-->[com.firebaseui:firebase-ui-auth:8.0.2] AndroidManifest.xml:36:13-29
127            android:theme="@style/FirebaseUI.Transparent" />
127-->[com.firebaseui:firebase-ui-auth:8.0.2] AndroidManifest.xml:37:13-58
128        <activity
128-->[com.firebaseui:firebase-ui-auth:8.0.2] AndroidManifest.xml:38:9-42:61
129            android:name="com.firebase.ui.auth.ui.idp.SingleSignInActivity"
129-->[com.firebaseui:firebase-ui-auth:8.0.2] AndroidManifest.xml:39:13-76
130            android:exported="false"
130-->[com.firebaseui:firebase-ui-auth:8.0.2] AndroidManifest.xml:40:13-37
131            android:label=""
131-->[com.firebaseui:firebase-ui-auth:8.0.2] AndroidManifest.xml:41:13-29
132            android:theme="@style/FirebaseUI.Transparent" />
132-->[com.firebaseui:firebase-ui-auth:8.0.2] AndroidManifest.xml:42:13-58
133        <activity
133-->[com.firebaseui:firebase-ui-auth:8.0.2] AndroidManifest.xml:43:9-47:61
134            android:name="com.firebase.ui.auth.ui.credentials.CredentialSaveActivity"
134-->[com.firebaseui:firebase-ui-auth:8.0.2] AndroidManifest.xml:44:13-86
135            android:exported="false"
135-->[com.firebaseui:firebase-ui-auth:8.0.2] AndroidManifest.xml:45:13-37
136            android:label=""
136-->[com.firebaseui:firebase-ui-auth:8.0.2] AndroidManifest.xml:46:13-29
137            android:theme="@style/FirebaseUI.Transparent" />
137-->[com.firebaseui:firebase-ui-auth:8.0.2] AndroidManifest.xml:47:13-58
138        <activity
138-->[com.firebaseui:firebase-ui-auth:8.0.2] AndroidManifest.xml:48:9-52:58
139            android:name="com.firebase.ui.auth.ui.email.RecoverPasswordActivity"
139-->[com.firebaseui:firebase-ui-auth:8.0.2] AndroidManifest.xml:49:13-81
140            android:exported="false"
140-->[com.firebaseui:firebase-ui-auth:8.0.2] AndroidManifest.xml:50:13-37
141            android:label="@string/fui_title_recover_password_activity"
141-->[com.firebaseui:firebase-ui-auth:8.0.2] AndroidManifest.xml:51:13-72
142            android:windowSoftInputMode="adjustResize" />
142-->[com.firebaseui:firebase-ui-auth:8.0.2] AndroidManifest.xml:52:13-55
143        <activity
143-->[com.firebaseui:firebase-ui-auth:8.0.2] AndroidManifest.xml:53:9-57:58
144            android:name="com.firebase.ui.auth.ui.email.EmailActivity"
144-->[com.firebaseui:firebase-ui-auth:8.0.2] AndroidManifest.xml:54:13-71
145            android:exported="false"
145-->[com.firebaseui:firebase-ui-auth:8.0.2] AndroidManifest.xml:55:13-37
146            android:label="@string/fui_sign_in_default"
146-->[com.firebaseui:firebase-ui-auth:8.0.2] AndroidManifest.xml:56:13-56
147            android:windowSoftInputMode="adjustResize" />
147-->[com.firebaseui:firebase-ui-auth:8.0.2] AndroidManifest.xml:57:13-55
148        <activity
148-->[com.firebaseui:firebase-ui-auth:8.0.2] AndroidManifest.xml:58:9-62:77
149            android:name="com.firebase.ui.auth.ui.phone.PhoneActivity"
149-->[com.firebaseui:firebase-ui-auth:8.0.2] AndroidManifest.xml:59:13-71
150            android:exported="false"
150-->[com.firebaseui:firebase-ui-auth:8.0.2] AndroidManifest.xml:60:13-37
151            android:label="@string/fui_sign_in_with_phone_number"
151-->[com.firebaseui:firebase-ui-auth:8.0.2] AndroidManifest.xml:61:13-66
152            android:windowSoftInputMode="adjustResize|stateAlwaysVisible" />
152-->[com.firebaseui:firebase-ui-auth:8.0.2] AndroidManifest.xml:62:13-74
153        <activity
153-->[com.firebaseui:firebase-ui-auth:8.0.2] AndroidManifest.xml:63:9-67:58
154            android:name="com.firebase.ui.auth.ui.idp.WelcomeBackIdpPrompt"
154-->[com.firebaseui:firebase-ui-auth:8.0.2] AndroidManifest.xml:64:13-76
155            android:exported="false"
155-->[com.firebaseui:firebase-ui-auth:8.0.2] AndroidManifest.xml:65:13-37
156            android:label="@string/fui_title_welcome_back_idp_prompt"
156-->[com.firebaseui:firebase-ui-auth:8.0.2] AndroidManifest.xml:66:13-70
157            android:windowSoftInputMode="adjustResize" />
157-->[com.firebaseui:firebase-ui-auth:8.0.2] AndroidManifest.xml:67:13-55
158        <activity
158-->[com.firebaseui:firebase-ui-auth:8.0.2] AndroidManifest.xml:68:9-72:58
159            android:name="com.firebase.ui.auth.ui.email.WelcomeBackPasswordPrompt"
159-->[com.firebaseui:firebase-ui-auth:8.0.2] AndroidManifest.xml:69:13-83
160            android:exported="false"
160-->[com.firebaseui:firebase-ui-auth:8.0.2] AndroidManifest.xml:70:13-37
161            android:label="@string/fui_title_welcome_back_password_prompt"
161-->[com.firebaseui:firebase-ui-auth:8.0.2] AndroidManifest.xml:71:13-75
162            android:windowSoftInputMode="adjustResize" />
162-->[com.firebaseui:firebase-ui-auth:8.0.2] AndroidManifest.xml:72:13-55
163        <activity
163-->[com.firebaseui:firebase-ui-auth:8.0.2] AndroidManifest.xml:73:9-77:58
164            android:name="com.firebase.ui.auth.ui.email.WelcomeBackEmailLinkPrompt"
164-->[com.firebaseui:firebase-ui-auth:8.0.2] AndroidManifest.xml:74:13-84
165            android:exported="false"
165-->[com.firebaseui:firebase-ui-auth:8.0.2] AndroidManifest.xml:75:13-37
166            android:label="@string/fui_title_welcome_back_password_prompt"
166-->[com.firebaseui:firebase-ui-auth:8.0.2] AndroidManifest.xml:76:13-75
167            android:windowSoftInputMode="adjustResize" />
167-->[com.firebaseui:firebase-ui-auth:8.0.2] AndroidManifest.xml:77:13-55
168        <activity
168-->[com.firebaseui:firebase-ui-auth:8.0.2] AndroidManifest.xml:78:9-83:58
169            android:name="com.firebase.ui.auth.ui.email.EmailLinkCatcherActivity"
169-->[com.firebaseui:firebase-ui-auth:8.0.2] AndroidManifest.xml:79:13-82
170            android:exported="false"
170-->[com.firebaseui:firebase-ui-auth:8.0.2] AndroidManifest.xml:80:13-37
171            android:label=""
171-->[com.firebaseui:firebase-ui-auth:8.0.2] AndroidManifest.xml:81:13-29
172            android:theme="@style/FirebaseUI.Transparent"
172-->[com.firebaseui:firebase-ui-auth:8.0.2] AndroidManifest.xml:82:13-58
173            android:windowSoftInputMode="adjustResize" />
173-->[com.firebaseui:firebase-ui-auth:8.0.2] AndroidManifest.xml:83:13-55
174        <activity
174-->[com.firebaseui:firebase-ui-auth:8.0.2] AndroidManifest.xml:84:9-88:58
175            android:name="com.firebase.ui.auth.ui.email.EmailLinkErrorRecoveryActivity"
175-->[com.firebaseui:firebase-ui-auth:8.0.2] AndroidManifest.xml:85:13-88
176            android:exported="false"
176-->[com.firebaseui:firebase-ui-auth:8.0.2] AndroidManifest.xml:86:13-37
177            android:label="@string/fui_sign_in_default"
177-->[com.firebaseui:firebase-ui-auth:8.0.2] AndroidManifest.xml:87:13-56
178            android:windowSoftInputMode="adjustResize" />
178-->[com.firebaseui:firebase-ui-auth:8.0.2] AndroidManifest.xml:88:13-55
179        <activity
179-->[com.firebaseui:firebase-ui-auth:8.0.2] AndroidManifest.xml:89:9-92:65
180            android:name="com.firebase.ui.auth.ui.idp.AuthMethodPickerActivity"
180-->[com.firebaseui:firebase-ui-auth:8.0.2] AndroidManifest.xml:90:13-80
181            android:exported="false"
181-->[com.firebaseui:firebase-ui-auth:8.0.2] AndroidManifest.xml:91:13-37
182            android:label="@string/fui_default_toolbar_title" />
182-->[com.firebaseui:firebase-ui-auth:8.0.2] AndroidManifest.xml:92:13-62
183
184        <provider
184-->[com.firebaseui:firebase-ui-auth:8.0.2] AndroidManifest.xml:112:9-116:38
185            android:name="com.firebase.ui.auth.data.client.AuthUiInitProvider"
185-->[com.firebaseui:firebase-ui-auth:8.0.2] AndroidManifest.xml:113:13-79
186            android:authorities="com.mahmoudrefaie.sekkawahda.authuiinitprovider"
186-->[com.firebaseui:firebase-ui-auth:8.0.2] AndroidManifest.xml:114:13-70
187            android:exported="false"
187-->[com.firebaseui:firebase-ui-auth:8.0.2] AndroidManifest.xml:115:13-37
188            android:initOrder="90" />
188-->[com.firebaseui:firebase-ui-auth:8.0.2] AndroidManifest.xml:116:13-35
189        <provider
189-->[com.squareup.picasso:picasso:2.71828] AndroidManifest.xml:8:9-11:40
190            android:name="com.squareup.picasso.PicassoProvider"
190-->[com.squareup.picasso:picasso:2.71828] AndroidManifest.xml:9:13-64
191            android:authorities="com.mahmoudrefaie.sekkawahda.com.squareup.picasso"
191-->[com.squareup.picasso:picasso:2.71828] AndroidManifest.xml:10:13-72
192            android:exported="false" />
192-->[com.squareup.picasso:picasso:2.71828] AndroidManifest.xml:11:13-37
193
194        <activity
194-->[com.google.firebase:firebase-auth:21.0.1] AndroidManifest.xml:27:9-44:20
195            android:name="com.google.firebase.auth.internal.GenericIdpActivity"
195-->[com.google.firebase:firebase-auth:21.0.1] AndroidManifest.xml:28:13-80
196            android:excludeFromRecents="true"
196-->[com.google.firebase:firebase-auth:21.0.1] AndroidManifest.xml:29:13-46
197            android:exported="true"
197-->[com.google.firebase:firebase-auth:21.0.1] AndroidManifest.xml:30:13-36
198            android:launchMode="singleTask"
198-->[com.google.firebase:firebase-auth:21.0.1] AndroidManifest.xml:31:13-44
199            android:theme="@android:style/Theme.Translucent.NoTitleBar" >
199-->[com.google.firebase:firebase-auth:21.0.1] AndroidManifest.xml:32:13-72
200            <intent-filter>
200-->[com.google.firebase:firebase-auth:21.0.1] AndroidManifest.xml:33:13-43:29
201                <action android:name="android.intent.action.VIEW" />
201-->[com.facebook.android:facebook-common:5.15.3] AndroidManifest.xml:40:17-69
201-->[com.facebook.android:facebook-common:5.15.3] AndroidManifest.xml:40:25-66
202
203                <category android:name="android.intent.category.DEFAULT" />
203-->[com.facebook.android:facebook-common:5.15.3] AndroidManifest.xml:42:17-76
203-->[com.facebook.android:facebook-common:5.15.3] AndroidManifest.xml:42:27-73
204                <category android:name="android.intent.category.BROWSABLE" />
204-->[com.facebook.android:facebook-common:5.15.3] AndroidManifest.xml:43:17-78
204-->[com.facebook.android:facebook-common:5.15.3] AndroidManifest.xml:43:27-75
205
206                <data
206-->[com.facebook.android:facebook-common:5.15.3] AndroidManifest.xml:45:17-47:50
207                    android:host="firebase.auth"
207-->[com.facebook.android:facebook-common:5.15.3] AndroidManifest.xml:46:21-56
208                    android:path="/"
209                    android:scheme="genericidp" />
209-->[com.facebook.android:facebook-common:5.15.3] AndroidManifest.xml:47:21-47
210            </intent-filter>
211        </activity>
212        <activity
212-->[com.google.firebase:firebase-auth:21.0.1] AndroidManifest.xml:45:9-62:20
213            android:name="com.google.firebase.auth.internal.RecaptchaActivity"
213-->[com.google.firebase:firebase-auth:21.0.1] AndroidManifest.xml:46:13-79
214            android:excludeFromRecents="true"
214-->[com.google.firebase:firebase-auth:21.0.1] AndroidManifest.xml:47:13-46
215            android:exported="true"
215-->[com.google.firebase:firebase-auth:21.0.1] AndroidManifest.xml:48:13-36
216            android:launchMode="singleTask"
216-->[com.google.firebase:firebase-auth:21.0.1] AndroidManifest.xml:49:13-44
217            android:theme="@android:style/Theme.Translucent.NoTitleBar" >
217-->[com.google.firebase:firebase-auth:21.0.1] AndroidManifest.xml:50:13-72
218            <intent-filter>
218-->[com.google.firebase:firebase-auth:21.0.1] AndroidManifest.xml:51:13-61:29
219                <action android:name="android.intent.action.VIEW" />
219-->[com.facebook.android:facebook-common:5.15.3] AndroidManifest.xml:40:17-69
219-->[com.facebook.android:facebook-common:5.15.3] AndroidManifest.xml:40:25-66
220
221                <category android:name="android.intent.category.DEFAULT" />
221-->[com.facebook.android:facebook-common:5.15.3] AndroidManifest.xml:42:17-76
221-->[com.facebook.android:facebook-common:5.15.3] AndroidManifest.xml:42:27-73
222                <category android:name="android.intent.category.BROWSABLE" />
222-->[com.facebook.android:facebook-common:5.15.3] AndroidManifest.xml:43:17-78
222-->[com.facebook.android:facebook-common:5.15.3] AndroidManifest.xml:43:27-75
223
224                <data
224-->[com.facebook.android:facebook-common:5.15.3] AndroidManifest.xml:45:17-47:50
225                    android:host="firebase.auth"
225-->[com.facebook.android:facebook-common:5.15.3] AndroidManifest.xml:46:21-56
226                    android:path="/"
227                    android:scheme="recaptcha" />
227-->[com.facebook.android:facebook-common:5.15.3] AndroidManifest.xml:47:21-47
228            </intent-filter>
229        </activity>
230
231        <service
231-->[com.google.firebase:firebase-auth:21.0.1] AndroidManifest.xml:64:9-73:19
232            android:name="com.google.firebase.auth.api.fallback.service.FirebaseAuthFallbackService"
232-->[com.google.firebase:firebase-auth:21.0.1] AndroidManifest.xml:65:13-101
233            android:enabled="true"
233-->[com.google.firebase:firebase-auth:21.0.1] AndroidManifest.xml:66:13-35
234            android:exported="false" >
234-->[com.google.firebase:firebase-auth:21.0.1] AndroidManifest.xml:67:13-37
235            <intent-filter>
235-->[com.google.firebase:firebase-auth:21.0.1] AndroidManifest.xml:68:13-72:29
236                <action android:name="com.google.firebase.auth.api.gms.service.START" />
236-->[com.google.firebase:firebase-auth:21.0.1] AndroidManifest.xml:69:17-89
236-->[com.google.firebase:firebase-auth:21.0.1] AndroidManifest.xml:69:25-86
237
238                <category android:name="android.intent.category.DEFAULT" />
238-->[com.facebook.android:facebook-common:5.15.3] AndroidManifest.xml:42:17-76
238-->[com.facebook.android:facebook-common:5.15.3] AndroidManifest.xml:42:27-73
239            </intent-filter>
240        </service>
241        <service
241-->[com.google.firebase:firebase-auth:21.0.1] AndroidManifest.xml:74:9-80:19
242            android:name="com.google.firebase.components.ComponentDiscoveryService"
242-->[com.google.firebase:firebase-auth:21.0.1] AndroidManifest.xml:75:13-84
243            android:directBootAware="true"
243-->[com.google.firebase:firebase-common:20.0.0] AndroidManifest.xml:35:13-43
244            android:exported="false" >
244-->[com.google.firebase:firebase-auth:21.0.1] AndroidManifest.xml:76:13-37
245            <meta-data
245-->[com.google.firebase:firebase-auth:21.0.1] AndroidManifest.xml:77:13-79:85
246                android:name="com.google.firebase.components:com.google.firebase.auth.FirebaseAuthRegistrar"
246-->[com.google.firebase:firebase-auth:21.0.1] AndroidManifest.xml:78:17-109
247                android:value="com.google.firebase.components.ComponentRegistrar" />
247-->[com.google.firebase:firebase-auth:21.0.1] AndroidManifest.xml:79:17-82
248        </service>
249        <!--
250         The initialization ContentProvider will call FacebookSdk.sdkInitialize automatically
251         with the application context. This config is merged in with the host app's manifest,
252         but there can only be one provider with the same authority activated at any given
253         point; so if the end user has two or more different apps that use Facebook SDK, only the
254         first one will be able to use the provider. To work around this problem, we use the
255         following placeholder in the authority to identify each host application as if it was
256         a completely different provider.
257        -->
258        <provider
258-->[com.facebook.android:facebook-core:5.15.3] AndroidManifest.xml:39:9-42:40
259            android:name="com.facebook.internal.FacebookInitProvider"
259-->[com.facebook.android:facebook-core:5.15.3] AndroidManifest.xml:40:13-70
260            android:authorities="com.mahmoudrefaie.sekkawahda.FacebookInitProvider"
260-->[com.facebook.android:facebook-core:5.15.3] AndroidManifest.xml:41:13-72
261            android:exported="false" />
261-->[com.facebook.android:facebook-core:5.15.3] AndroidManifest.xml:42:13-37
262
263        <receiver
263-->[com.facebook.android:facebook-core:5.15.3] AndroidManifest.xml:44:9-50:20
264            android:name="com.facebook.CurrentAccessTokenExpirationBroadcastReceiver"
264-->[com.facebook.android:facebook-core:5.15.3] AndroidManifest.xml:45:13-86
265            android:exported="false" >
265-->[com.facebook.android:facebook-core:5.15.3] AndroidManifest.xml:46:13-37
266            <intent-filter>
266-->[com.facebook.android:facebook-core:5.15.3] AndroidManifest.xml:47:13-49:29
267                <action android:name="com.facebook.sdk.ACTION_CURRENT_ACCESS_TOKEN_CHANGED" />
267-->[com.facebook.android:facebook-core:5.15.3] AndroidManifest.xml:48:17-95
267-->[com.facebook.android:facebook-core:5.15.3] AndroidManifest.xml:48:25-92
268            </intent-filter>
269        </receiver>
270
271        <activity
271-->[com.google.android.gms:play-services-auth:20.3.0] AndroidManifest.xml:23:9-27:75
272            android:name="com.google.android.gms.auth.api.signin.internal.SignInHubActivity"
272-->[com.google.android.gms:play-services-auth:20.3.0] AndroidManifest.xml:24:13-93
273            android:excludeFromRecents="true"
273-->[com.google.android.gms:play-services-auth:20.3.0] AndroidManifest.xml:25:13-46
274            android:exported="false"
274-->[com.google.android.gms:play-services-auth:20.3.0] AndroidManifest.xml:26:13-37
275            android:theme="@android:style/Theme.Translucent.NoTitleBar" />